CleanSource
Version 2012.1 (build 1)
Copyright (c) LynxToolkit 2012

..\Source\Examples\ExampleLibrary\CustomSeries\FlagSeries.cs
..\Source\Examples\ExampleLibrary\CustomSeries\MatrixSeries.cs
..\Source\Examples\ExampleLibrary\Examples\OpenIssues.cs
..\Source\Examples\WPF\ExportDemo\ShellViewModel.cs
..\Source\Examples\WPF\WpfExamples\Examples\AnnotationDemo\MainWindow.xaml.cs
..\Source\GraphPlot\MainViewModel.cs
..\Source\OxyPlot\Annotations\ImageAnnotation.cs
..\Source\OxyPlot\Annotations\LineAnnotation.cs
..\Source\OxyPlot\Annotations\PolygonAnnotation.cs
..\Source\OxyPlot\Annotations\RectangleAnnotation.cs
..\Source\OxyPlot\Annotations\TileMapAnnotation.cs
..\Source\OxyPlot\Axes\DateTimeAxis.cs
..\Source\OxyPlot\Foundation\ListFiller.cs
..\Source\OxyPlot\Foundation\PlotLength.cs
..\Source\OxyPlot\Foundation\PlotLengthUnit.cs
..\Source\OxyPlot\Foundation\ScreenPoint.cs
..\Source\OxyPlot\PlotModel\PlotModel.cs
..\Source\OxyPlot\PlotModel\PlotModel.Rendering.cs
..\Source\OxyPlot\Render\HorizontalAndVerticalAxisRenderer.cs
..\Source\OxyPlot\Render\IRenderContext.cs
..\Source\OxyPlot\Render\RenderingExtensions.cs
..\Source\OxyPlot\Reporting\NamespaceDoc.cs
..\Source\OxyPlot\Series\StairStepSeries.cs
..\Source\OxyPlot\Series\StemSeries.cs
..\Source\OxyPlot.Metro\RenderContexts\MetroRenderContext.cs
..\Source\OxyPlot.MonoForAndroid\PlotView.cs
..\Source\OxyPlot.MonoTouch\MonoTouchRenderContext.cs
..\Source\OxyPlot.MonoTouch\Plot.cs
..\Source\OxyPlot.Tests\Foundation\OxyColorTests.cs
..\Source\OxyPlot.Wpf\Annotations\EllipseAnnotation.cs
..\Source\OxyPlot.Wpf\Annotations\LineAnnotation.cs
..\Source\OxyPlot.Wpf\Annotations\RectangleAnnotation.cs
..\Source\OxyPlot.Wpf\Annotations\TextAnnotation.cs
..\Source\OxyPlot.Wpf\Series\BarSeries\BarSeries.cs
..\Source\OxyPlot.Wpf\Series\BarSeries\BarSeriesBase.cs
..\Source\OxyPlot.Wpf\Series\BarSeries\BarSeriesBase{T}.cs
..\Source\OxyPlot.Wpf\Series\BarSeries\CategorizedSeries.cs
..\Source\OxyPlot.Wpf\Series\BarSeries\ColumnSeries.cs
..\Source\OxyPlot.Wpf\Series\LineSeries.cs
..\Source\OxyPlot.Wpf\Series\Series.cs
..\Source\OxyPlot.Wpf\Plot.cs
..\Source\OxyPlot.Wpf.Tests\AnnotationsTests.cs
..\Source\OxyPlot.Xps\XpsExporter.cs
43 files cleaned (of 497)
