UpdateFileHeaders
Version 2012.1 (build 1)
Copyright (c) LynxToolkit 2012

  ..\Source\GlobalAssemblyInfo.cs
  ..\Source\Examples\ExampleLibrary\CustomSeries\FlagSeries.cs
  ..\Source\Examples\ExampleLibrary\CustomSeries\MatrixSeries.cs
  ..\Source\Examples\ExampleLibrary\CustomSeries\PolarHeatMapSeries.cs
  ..\Source\Examples\ExampleLibrary\Examples\BoxPlotSeriesExamples.cs
  ..\Source\Examples\ExampleLibrary\Examples\ClosedIssues.cs
  ..\Source\Examples\ExampleLibrary\Examples\HeatMapSeriesExamples.cs
  ..\Source\Examples\ExampleLibrary\Examples\OpenIssues.cs
  ..\Source\Examples\ExampleLibrary\Examples\TrackerExamples.cs
  ..\Source\Examples\Metro\BasicSample\MainPage.xaml.cs
  ..\Source\Examples\Silverlight\ExportDemo\MainPage.xaml.cs
  ..\Source\Examples\Silverlight\ExportDemo\PngExporter.cs
  ..\Source\Examples\Silverlight\SilverlightDemo\MainPage.xaml.cs
  ..\Source\Examples\WPF\ExportDemo\ShellViewModel.cs
  ..\Source\Examples\WPF\WpfExamples\DelegateCommand.cs
  ..\Source\Examples\WPF\WpfExamples\Examples\AnnotationDemo\MainWindow.xaml.cs
  ..\Source\Examples\WPF\WpfExamples\Examples\ColorBindingDemo\MainViewModel.cs
  ..\Source\Examples\WPF\WpfExamples\Examples\ColorBindingDemo\MainWindow.xaml.cs
  ..\Source\Examples\WPF\WpfExamples\Examples\CsvDemo\MainViewModel.cs
  ..\Source\Examples\WPF\WpfExamples\Examples\LegendsDemo\MainViewModel.cs
  ..\Source\GraphPlot\App.xaml.cs
  ..\Source\GraphPlot\MainViewModel.cs
  ..\Source\GraphPlot\MainWindow.xaml.cs
  ..\Source\GraphPlot\Observable.cs
  ..\Source\MinFun GA\App.xaml.cs
  ..\Source\MinFun GA\MainWindow.xaml.cs
  ..\Source\MinFunGA\App.xaml.cs
  ..\Source\MinFunGA\MainViewModel.cs
  ..\Source\MinFunGA\MainWindow.xaml.cs
  ..\Source\MinFunGA\Observable.cs
  ..\Source\OxyPlot\LibraryDoc.cs
  ..\Source\OxyPlot\NamespaceDoc.cs
  ..\Source\OxyPlot\Annotations\Annotation.cs
  ..\Source\OxyPlot\Annotations\AnnotationLayer.cs
  ..\Source\OxyPlot\Annotations\ArrowAnnotation.cs
  ..\Source\OxyPlot\Annotations\EllipseAnnotation.cs
  ..\Source\OxyPlot\Annotations\ImageAnnotation.cs
  ..\Source\OxyPlot\Annotations\LineAnnotation.cs
  ..\Source\OxyPlot\Annotations\LineAnnotationType.cs
  ..\Source\OxyPlot\Annotations\PolygonAnnotation.cs
  ..\Source\OxyPlot\Annotations\RectangleAnnotation.cs
  ..\Source\OxyPlot\Annotations\TextAnnotation.cs
  ..\Source\OxyPlot\Annotations\TextualAnnotation.cs
  ..\Source\OxyPlot\Annotations\TileMapAnnotation.cs
  ..\Source\OxyPlot\Axes\Axis.cs
  ..\Source\OxyPlot\Axes\AxisChangedEventArgs.cs
  ..\Source\OxyPlot\Axes\AxisChangeTypes.cs
  ..\Source\OxyPlot\Axes\AxisLayer.cs
  ..\Source\OxyPlot\Axes\AxisPosition.cs
  ..\Source\OxyPlot\Axes\CategoryAxis.cs
  ..\Source\OxyPlot\Axes\ColorAxis.cs
  ..\Source\OxyPlot\Axes\DateTimeAxis.cs
  ..\Source\OxyPlot\Axes\DateTimeIntervalType.cs
  ..\Source\OxyPlot\Axes\TickStyle.cs
  ..\Source\OxyPlot\Axes\TimeSpanAxis.cs
  ..\Source\OxyPlot\Foundation\ArrayHelper.cs
  ..\Source\OxyPlot\Foundation\CanonicalSplineHelper.cs
  ..\Source\OxyPlot\Foundation\CohenSutherlandClipping.cs
  ..\Source\OxyPlot\Foundation\Conrec.cs
  ..\Source\OxyPlot\Foundation\DataPoint.cs
  ..\Source\OxyPlot\Foundation\DataPointConverter.cs
  ..\Source\OxyPlot\Foundation\DoubleExtensions.cs
  ..\Source\OxyPlot\Foundation\FontWeights.cs
  ..\Source\OxyPlot\Foundation\FractionHelper.cs
  ..\Source\OxyPlot\Foundation\HorizontalAlignment.cs
  ..\Source\OxyPlot\Foundation\IDataPoint.cs
  ..\Source\OxyPlot\Foundation\IDataPointProvider.cs
  ..\Source\OxyPlot\Foundation\LineStyle.cs
  ..\Source\OxyPlot\Foundation\LineStyleHelper.cs
  ..\Source\OxyPlot\Foundation\ListFiller.cs
  ..\Source\OxyPlot\Foundation\MarkerType.cs
  ..\Source\OxyPlot\Foundation\OxyColor.cs
  ..\Source\OxyPlot\Foundation\OxyColorConverter.cs
  ..\Source\OxyPlot\Foundation\OxyImage.cs
  ..\Source\OxyPlot\Foundation\OxyPenLineJoin.cs
  ..\Source\OxyPlot\Foundation\OxySize.cs
  ..\Source\OxyPlot\Foundation\OxyThickness.cs
  ..\Source\OxyPlot\Foundation\PlotLength.cs
  ..\Source\OxyPlot\Foundation\PlotLengthUnit.cs
  ..\Source\OxyPlot\Foundation\PngEncoder.cs
  ..\Source\OxyPlot\Foundation\ReflectionHelper.cs
  ..\Source\OxyPlot\Foundation\ScreenPoint.cs
  ..\Source\OxyPlot\Foundation\ScreenPointHelper.cs
  ..\Source\OxyPlot\Foundation\StreamExtensions.cs
  ..\Source\OxyPlot\Foundation\StringHelper.cs
  ..\Source\OxyPlot\Foundation\SutherlandHodgmanClipping.cs
  ..\Source\OxyPlot\Foundation\VerticalAlignment.cs
  ..\Source\OxyPlot\Foundation\XmlWriterBase.cs
  ..\Source\OxyPlot\Foundation\CodeGenerator\CodeGenerationAttribute.cs
  ..\Source\OxyPlot\Foundation\CodeGenerator\CodeGenerator.cs
  ..\Source\OxyPlot\Foundation\CodeGenerator\CodeGeneratorStringExtensions.cs
  ..\Source\OxyPlot\Foundation\CodeGenerator\ICodeGenerating.cs
  ..\Source\OxyPlot\Manipulators\IPlotControl.cs
  ..\Source\OxyPlot\Manipulators\ManipulatorBase.cs
  ..\Source\OxyPlot\Manipulators\PanManipulator.cs
  ..\Source\OxyPlot\Manipulators\ResetManipulator.cs
  ..\Source\OxyPlot\Manipulators\TrackerManipulator.cs
  ..\Source\OxyPlot\Manipulators\ZoomManipulator.cs
  ..\Source\OxyPlot\Manipulators\ZoomRectangleManipulator.cs
  ..\Source\OxyPlot\Manipulators\ZoomStepManipulator.cs
  ..\Source\OxyPlot\PlotModel\OxyMouseButton.cs
  ..\Source\OxyPlot\PlotModel\OxyMouseEventArgs.cs
  ..\Source\OxyPlot\PlotModel\PlotElement.cs
  ..\Source\OxyPlot\PlotModel\PlotModel.cs
  ..\Source\OxyPlot\PlotModel\PlotModel.Legends.cs
  ..\Source\OxyPlot\PlotModel\PlotModel.MouseEvents.cs
  ..\Source\OxyPlot\PlotModel\PlotModel.Rendering.cs
  ..\Source\OxyPlot\PlotModel\SelectablePlotElement.cs
  ..\Source\OxyPlot\PlotModel\TrackerEventArgs.cs
  ..\Source\OxyPlot\PlotModel\UIPlotElement.cs
  ..\Source\OxyPlot\Render\AngleAxisRenderer.cs
  ..\Source\OxyPlot\Render\AxisRendererBase.cs
  ..\Source\OxyPlot\Render\HorizontalAndVerticalAxisRenderer.cs
  ..\Source\OxyPlot\Render\IRenderContext.cs
  ..\Source\OxyPlot\Render\MagnitudeAxisRenderer.cs
  ..\Source\OxyPlot\Render\MathRenderingExtensions.cs
  ..\Source\OxyPlot\Render\RenderContextBase.cs
  ..\Source\OxyPlot\Render\RenderingExtensions.cs
  ..\Source\OxyPlot\Reporting\NamespaceDoc.cs
  ..\Source\OxyPlot\Series\AreaSeries.cs
  ..\Source\OxyPlot\Series\BoxPlotItem.cs
  ..\Source\OxyPlot\Series\BoxPlotSeries.cs
  ..\Source\OxyPlot\Series\ContourSeries.cs
  ..\Source\OxyPlot\Series\DataPointSeries.cs
  ..\Source\OxyPlot\Series\HeatMapSeries.cs
  ..\Source\OxyPlot\Series\HighLowItem.cs
  ..\Source\OxyPlot\Series\ITrackableSeries.cs
  ..\Source\OxyPlot\Series\LineLegendPosition.cs
  ..\Source\OxyPlot\Series\LineSeries.cs
  ..\Source\OxyPlot\Series\PieSlice.cs
  ..\Source\OxyPlot\Series\ScatterPoint.cs
  ..\Source\OxyPlot\Series\ScatterSeries.cs
  ..\Source\OxyPlot\Series\Series.cs
  ..\Source\OxyPlot\Series\StairStepSeries.cs
  ..\Source\OxyPlot\Series\StemSeries.cs
  ..\Source\OxyPlot\Series\XYAxisSeries.cs
  ..\Source\OxyPlot\Series\BarSeries\IStackableSeries.cs
  ..\Source\OxyPlot\Svg\NativeMethods.cs
  ..\Source\OxyPlot\Svg\SvgExporter.cs
  ..\Source\OxyPlot\Svg\SvgRenderContext.cs
  ..\Source\OxyPlot\Svg\SvgWriter.cs
  ..\Source\OxyPlot.Metro\Plot.cs
  ..\Source\OxyPlot.OpenXml\NamespaceDoc.cs
  ..\Source\OxyPlot.OpenXml\Reporting\WordDocumentReportWriter.cs
  ..\Source\OxyPlot.Pdf\LatexReportWriter.cs
  ..\Source\OxyPlot.Pdf\NamespaceDoc.cs
  ..\Source\OxyPlot.Pdf\PdfExporter.cs
  ..\Source\OxyPlot.Pdf\PdfRenderContext.cs
  ..\Source\OxyPlot.Pdf\PdfReportWriter.cs
  ..\Source\OxyPlot.Pdf\RtfReportWriter.cs
  ..\Source\OxyPlot.Silverlight\NamespaceDoc.cs
  ..\Source\OxyPlot.Silverlight\Tracker\TrackerDefinition.cs
  ..\Source\OxyPlot.Tests\Foundation\OxyImageTests.cs
  ..\Source\OxyPlot.WindowsForms\NamespaceDoc.cs
  ..\Source\OxyPlot.WindowsForms\Plot.cs
  ..\Source\OxyPlot.Wpf\NamespaceDoc.cs
  ..\Source\OxyPlot.Wpf\Plot.cs
  ..\Source\OxyPlot.Wpf\Annotations\Annotation.cs
  ..\Source\OxyPlot.Wpf\Annotations\ArrowAnnotation.cs
  ..\Source\OxyPlot.Wpf\Annotations\EllipseAnnotation.cs
  ..\Source\OxyPlot.Wpf\Annotations\LineAnnotation.cs
  ..\Source\OxyPlot.Wpf\Annotations\PolygonAnnotation.cs
  ..\Source\OxyPlot.Wpf\Annotations\RectangleAnnotation.cs
  ..\Source\OxyPlot.Wpf\Annotations\TextAnnotation.cs
  ..\Source\OxyPlot.Wpf\Annotations\TextualAnnotation.cs
  ..\Source\OxyPlot.Wpf\Converters\OxyColorConverter.cs
  ..\Source\OxyPlot.Wpf\Helpers\ConverterExtensions.cs
  ..\Source\OxyPlot.Wpf\Series\LineSeries.cs
  ..\Source\OxyPlot.Wpf\Series\Series.cs
  ..\Source\OxyPlot.Wpf\Series\XYAxisSeries.cs
  ..\Source\OxyPlot.Wpf\Series\BarSeries\BarSeries.cs
  ..\Source\OxyPlot.Wpf\Series\BarSeries\BarSeriesBase.cs
  ..\Source\OxyPlot.Wpf\Series\BarSeries\BarSeriesBase{T}.cs
  ..\Source\OxyPlot.Wpf\Series\BarSeries\CategorizedSeries.cs
  ..\Source\OxyPlot.Wpf\Series\BarSeries\ColumnSeries.cs
  ..\Source\OxyPlot.Wpf\Tracker\TrackerControl.cs
  ..\Source\OxyPlot.Wpf\Tracker\TrackerDefinition.cs
  ..\Source\OxyPlot.Xps\NamespaceDoc.cs
  ..\Source\OxyPlot.Xps\XpsExporter.cs
  ..\Source\PlotFunction\App.xaml.cs
  ..\Source\PlotFunction\MainWindow.xaml.cs
181 files updated (of 497)
